#
# There is insufficient memory for the Java Runtime Environment to continue.
# Native memory allocation (mmap) failed to map 2097152 bytes for G1 virtual space
# Possible reasons:
#   The system is out of physical RAM or swap space
#   The process is running with CompressedOops enabled, and the Java Heap may be blocking the growth of the native heap
# Possible solutions:
#   Reduce memory load on the system
#   Increase physical memory or swap space
#   Check if swap backing store is full
#   Decrease Java heap size (-Xmx/-Xms)
#   Decrease number of Java threads
#   Decrease Java thread stack sizes (-Xss)
#   Set larger code cache with -XX:ReservedCodeCacheSize=
#   JVM is running with Unscaled Compressed Oops mode in which the Java heap is
#     placed in the first 4GB address space. The Java Heap base address is the
#     maximum limit for the native heap growth. Please use -XX:HeapBaseMinAddress
#     to set the Java Heap base and to place the Java Heap above 4GB virtual address.
# This output file may be truncated or incomplete.
#
#  Out of Memory Error (os_windows.cpp:3769), pid=10100, tid=8956
#
# JRE version:  (17.0.6) (build )
# Java VM: OpenJDK 64-Bit Server VM (17.0.6+0-b2043.56-9586694, mixed mode, sharing, tiered, compressed oops, compressed class ptrs, g1 gc, windows-amd64)
# No core dump will be written. Minidumps are not enabled by default on client versions of Windows
#

---------------  S U M M A R Y ------------

Command Line: 

Host: Intel(R) Core(TM) i5-6300U CPU @ 2.40GHz, 4 cores, 7G,  Windows 10 , 64 bit Build 19041 (10.0.19041.3155)
Time: Sun Jul 30 23:48:19 2023 Bangladesh Standard Time elapsed time: 0.045684 seconds (0d 0h 0m 0s)

---------------  T H R E A D  ---------------

Current thread (0x000001eeb65976c0):  JavaThread "Unknown thread" [_thread_in_vm, id=8956, stack(0x00000022bb800000,0x00000022bb900000)]

Stack: [0x00000022bb800000,0x00000022bb900000]
Native frames: (J=compiled Java code, j=interpreted, Vv=VM code, C=native code)
V  [jvm.dll+0x683b4a]
V  [jvm.dll+0x842654]
V  [jvm.dll+0x843dfe]
V  [jvm.dll+0x844463]
V  [jvm.dll+0x249b75]
V  [jvm.dll+0x680a19]
V  [jvm.dll+0x674f0a]
V  [jvm.dll+0x309acb]
V  [jvm.dll+0x310f86]
V  [jvm.dll+0x360918]
V  [jvm.dll+0x360b1f]
V  [jvm.dll+0x2dfbf8]
V  [jvm.dll+0x2e0b64]
V  [jvm.dll+0x813f41]
V  [jvm.dll+0x36e6a1]
V  [jvm.dll+0x7f347c]
V  [jvm.dll+0x3f0e8f]
V  [jvm.dll+0x3f29d1]
C  [jli.dll+0x526b]
C  [ucrtbase.dll+0x21bb2]
C  [KERNEL32.DLL+0x17614]
C  [ntdll.dll+0x526b1]


---------------  P R O C E S S  ---------------

Threads class SMR info:
_java_thread_list=0x00007ffc69adc058, length=0, elements={
}

Java Threads: ( => current thread )

Other Threads:
  0x000001eeb65f0ed0 GCTaskThread "GC Thread#0" [stack: 0x00000022bb900000,0x00000022bba00000] [id=6880]
  0x000001eeb6601a90 ConcurrentGCThread "G1 Main Marker" [stack: 0x00000022bba00000,0x00000022bbb00000] [id=10468]
  0x000001eeb6603c50 ConcurrentGCThread "G1 Conc#0" [stack: 0x00000022bbb00000,0x00000022bbc00000] [id=1912]

[error occurred during error reporting (printing all threads), id 0xc0000005, EXCEPTION_ACCESS_VIOLATION (0xc0000005) at pc=0x00007ffc69290797]

VM state: not at safepoint (not fully initialized)

VM Mutex/Monitor currently owned by a thread:  ([mutex/lock_event])
[0x000001eeb6593990] Heap_lock - owner thread: 0x000001eeb65976c0

Heap address: 0x0000000081c00000, size: 2020 MB, Compressed Oops mode: 32-bit

CDS archive(s) mapped at: [0x0000000000000000-0x0000000000000000-0x0000000000000000), size 0, SharedBaseAddress: 0x0000000800000000, ArchiveRelocationMode: 0.
Narrow klass base: 0x0000000000000000, Narrow klass shift: 0, Narrow klass range: 0x0

GC Precious Log:
<Empty>

Heap:
 garbage-first heap   total 0K, used 0K [0x0000000081c00000, 0x0000000100000000)
  region size 1024K, 0 young (0K), 0 survivors (0K)

[error occurred during error reporting (printing heap information), id 0xc0000005, EXCEPTION_ACCESS_VIOLATION (0xc0000005) at pc=0x00007ffc6967d939]

GC Heap History (0 events):
No events

Dll operation events (1 events):
Event: 0.024 Loaded shared library C:\Program Files\Android\Android Studio1\jbr\bin\java.dll

Deoptimization events (0 events):
No events

Classes unloaded (0 events):
No events

Classes redefined (0 events):
No events

Internal exceptions (0 events):
No events

VM Operations (0 events):
No events

Events (0 events):
No events


Dynamic libraries:
0x00007ff7625f0000 - 0x00007ff7625fa000 	C:\Program Files\Android\Android Studio1\jbr\bin\java.EXE
0x00007ffcabc50000 - 0x00007ffcabe48000 	C:\WINDOWS\SYSTEM32\ntdll.dll
0x00007ffcab6a0000 - 0x00007ffcab75f000 	C:\WINDOWS\System32\KERNEL32.DLL
0x00007ffca9550000 - 0x00007ffca9846000 	C:\WINDOWS\System32\KERNELBASE.dll
0x00007ffca9a60000 - 0x00007ffca9b60000 	C:\WINDOWS\System32\ucrtbase.dll
0x00007ffca09f0000 - 0x00007ffca0a07000 	C:\Program Files\Android\Android Studio1\jbr\bin\jli.dll
0x00007ffca0970000 - 0x00007ffca098b000 	C:\Program Files\Android\Android Studio1\jbr\bin\VCRUNTIME140.dll
0x00007ffcaa8e0000 - 0x00007ffcaaa7d000 	C:\WINDOWS\System32\USER32.dll
0x00007ffc8f6c0000 - 0x00007ffc8f95a000 	C:\WINDOWS\WinSxS\amd64_microsoft.windows.common-controls_6595b64144ccf1df_6.0.19041.1110_none_60b5254171f9507e\COMCTL32.dll
0x00007ffcab7c0000 - 0x00007ffcab85e000 	C:\WINDOWS\System32\msvcrt.dll
0x00007ffcaac20000 - 0x00007ffcaac4c000 	C:\WINDOWS\System32\GDI32.dll
0x00007ffca9c80000 - 0x00007ffca9ca2000 	C:\WINDOWS\System32\win32u.dll
0x00007ffca9b60000 - 0x00007ffca9c75000 	C:\WINDOWS\System32\gdi32full.dll
0x00007ffca9850000 - 0x00007ffca98ed000 	C:\WINDOWS\System32\msvcp_win.dll
0x00007ffcaadc0000 - 0x00007ffcaadf0000 	C:\WINDOWS\System32\IMM32.DLL
0x00007ffca0960000 - 0x00007ffca096c000 	C:\Program Files\Android\Android Studio1\jbr\bin\vcruntime140_1.dll
0x00007ffc809d0000 - 0x00007ffc80a5d000 	C:\Program Files\Android\Android Studio1\jbr\bin\msvcp140.dll
0x00007ffc68fa0000 - 0x00007ffc69c0d000 	C:\Program Files\Android\Android Studio1\jbr\bin\server\jvm.dll
0x00007ffcab5f0000 - 0x00007ffcab69f000 	C:\WINDOWS\System32\ADVAPI32.dll
0x00007ffcaa130000 - 0x00007ffcaa1cc000 	C:\WINDOWS\System32\sechost.dll
0x00007ffcaba60000 - 0x00007ffcabb86000 	C:\WINDOWS\System32\RPCRT4.dll
0x00007ffc90340000 - 0x00007ffc90367000 	C:\WINDOWS\SYSTEM32\WINMM.dll
0x00007ffc9d6e0000 - 0x00007ffc9d6ea000 	C:\WINDOWS\SYSTEM32\VERSION.dll
0x00007ffc8b5d0000 - 0x00007ffc8b5d9000 	C:\WINDOWS\SYSTEM32\WSOCK32.dll
0x00007ffcaad40000 - 0x00007ffcaadab000 	C:\WINDOWS\System32\WS2_32.dll
0x00007ffca7b70000 - 0x00007ffca7b82000 	C:\WINDOWS\SYSTEM32\kernel.appcore.dll
0x00007ffca6cb0000 - 0x00007ffca6cba000 	C:\Program Files\Android\Android Studio1\jbr\bin\jimage.dll
0x00007ffca7950000 - 0x00007ffca7b34000 	C:\WINDOWS\SYSTEM32\DBGHELP.DLL
0x00007ffc95490000 - 0x00007ffc954c4000 	C:\WINDOWS\SYSTEM32\dbgcore.DLL
0x00007ffca9920000 - 0x00007ffca99a2000 	C:\WINDOWS\System32\bcryptPrimitives.dll
0x00007ffca11f0000 - 0x00007ffca1215000 	C:\Program Files\Android\Android Studio1\jbr\bin\java.dll

dbghelp: loaded successfully - version: 4.0.5 - missing functions: none
symbol engine: initialized successfully - sym options: 0x614 - pdb path: .;C:\Program Files\Android\Android Studio1\jbr\bin;C:\WINDOWS\SYSTEM32;C:\WINDOWS\WinSxS\amd64_microsoft.windows.common-controls_6595b64144ccf1df_6.0.19041.1110_none_60b5254171f9507e;C:\Program Files\Android\Android Studio1\jbr\bin\server

VM Arguments:
java_command: <unknown>
java_class_path (initial): <not set>
Launcher Type: SUN_STANDARD

[Global flags]
     intx CICompilerCount                          = 3                                         {product} {ergonomic}
     uint ConcGCThreads                            = 1                                         {product} {ergonomic}
     uint G1ConcRefinementThreads                  = 4                                         {product} {ergonomic}
   size_t G1HeapRegionSize                         = 1048576                                   {product} {ergonomic}
    uintx GCDrainStackTargetSize                   = 64                                        {product} {ergonomic}
   size_t InitialHeapSize                          = 134217728                                 {product} {ergonomic}
   size_t MarkStackSize                            = 4194304                                   {product} {ergonomic}
   size_t MaxHeapSize                              = 2118123520                                {product} {ergonomic}
   size_t MinHeapDeltaBytes                        = 1048576                                   {product} {ergonomic}
   size_t MinHeapSize                              = 8388608                                   {product} {ergonomic}
    uintx NonNMethodCodeHeapSize                   = 5832780                                {pd product} {ergonomic}
    uintx NonProfiledCodeHeapSize                  = 122912730                              {pd product} {ergonomic}
    uintx ProfiledCodeHeapSize                     = 122912730                              {pd product} {ergonomic}
    uintx ReservedCodeCacheSize                    = 251658240                              {pd product} {ergonomic}
     bool SegmentedCodeCache                       = true                                      {product} {ergonomic}
   size_t SoftMaxHeapSize                          = 2118123520                             {manageable} {ergonomic}
     bool UseCompressedClassPointers               = true                           {product lp64_product} {ergonomic}
     bool UseCompressedOops                        = true                           {product lp64_product} {ergonomic}
     bool UseG1GC                                  = true                                      {product} {ergonomic}
     bool UseLargePagesIndividualAllocation        = false                                  {pd product} {ergonomic}

Logging:
Log output configuration:
 #0: stdout all=warning uptime,level,tags
 #1: stderr all=off uptime,level,tags

Environment Variables:
PATH=C:\Program Files (x86)\Common Files\Oracle\Java\javapath;C:\WINDOWS\system32;C:\WINDOWS;C:\WINDOWS\System32\Wbem;C:\WINDOWS\System32\WindowsPowerShell\v1.0\;C:\WINDOWS\System32\OpenSSH\;d:\quartus\lab1\quartus\bin;D:\git\Git\cmd;C:\ProgramData\chocolatey\bin;C:\Program Files\nodejs\;C:\Users\hp\AppData\Local\Pub\Cache\bin;C:\mingw64;C:\mingw64\bin;C:\Users\hp\AppData\Local\Microsoft\WindowsApps;C:\src\flutter\bin;C:\Users\hp\AppData\Roaming\npm;C:\Users\hp\AppData\Local\Pub\Cache\bin;C:\mingw64;C:\mingw64\bin;C:\Flex Windows\Lex\bin;C:\Flex Windows\bison\bin;
USERNAME=hp
OS=Windows_NT
PROCESSOR_IDENTIFIER=Intel64 Family 6 Model 78 Stepping 3, GenuineIntel
TMP=C:\Users\hp\AppData\Local\Temp
TEMP=C:\Users\hp\AppData\Local\Temp



---------------  S Y S T E M  ---------------

OS:
 Windows 10 , 64 bit Build 19041 (10.0.19041.3155)
OS uptime: 16 days 5:53 hours

CPU: total 4 (initial active 4) (2 cores per cpu, 2 threads per core) family 6 model 78 stepping 3 microcode 0xcc, cx8, cmov, fxsr, ht, mmx, 3dnowpref, sse, sse2, sse3, ssse3, sse4.1, sse4.2, popcnt, lzcnt, tsc, tscinvbit, avx, avx2, aes, erms, clmul, bmi1, bmi2, rtm, adx, fma, vzeroupper, clflush, clflushopt

Memory: 4k page, system-wide physical 8072M (135M free)
TotalPageFile size 16264M (AvailPageFile size 6M)
current process WorkingSet (physical memory assigned to process): 10M, peak: 10M
current process commit charge ("private bytes"): 182M, peak: 183M

vm_info: OpenJDK 64-Bit Server VM (17.0.6+0-b2043.56-9586694) for windows-amd64 JRE (17.0.6+0-b2043.56-9586694), built on Feb  9 2023 20:06:20 by "androidbuild" with MS VC++ 16.10 / 16.11 (VS2019)

END.
