#
# There is insufficient memory for the Java Runtime Environment to continue.
# Native memory allocation (mmap) failed to map 134217728 bytes for Failed to commit area from 0x0000000081c00000 to 0x0000000089c00000 of length 134217728.
# Possible reasons:
#   The system is out of physical RAM or swap space
#   The process is running with CompressedOops enabled, and the Java Heap may be blocking the growth of the native heap
# Possible solutions:
#   Reduce memory load on the system
#   Increase physical memory or swap space
#   Check if swap backing store is full
#   Decrease Java heap size (-Xmx/-Xms)
#   Decrease number of Java threads
#   Decrease Java thread stack sizes (-Xss)
#   Set larger code cache with -XX:ReservedCodeCacheSize=
# This output file may be truncated or incomplete.
#
#  Out of Memory Error (src/hotspot/os/windows/os_windows.cpp:3627), pid=1568, tid=12688
#
# JRE version:  (11.0.15) (build )
# Java VM: OpenJDK 64-Bit Server VM (11.0.15+0-b2043.56-9505619, mixed mode, sharing, tiered, compressed oops, g1 gc, windows-amd64)
# No core dump will be written. Minidumps are not enabled by default on client versions of Windows
#

---------------  S U M M A R Y ------------

Command Line: 

Host: Intel(R) Core(TM) i5-6300U CPU @ 2.40GHz, 4 cores, 7G,  Windows 10 , 64 bit Build 19041 (10.0.19041.2546)
Time: Wed Mar 29 13:38:55 2023 Bangladesh Standard Time elapsed time: 0.028407 seconds (0d 0h 0m 0s)

---------------  T H R E A D  ---------------

Current thread (0x000001afd6b90800):  JavaThread "Unknown thread" [_thread_in_vm, id=12688, stack(0x0000000413000000,0x0000000413100000)]

Stack: [0x0000000413000000,0x0000000413100000]
Native frames: (J=compiled Java code, j=interpreted, Vv=VM code, C=native code)
V  [jvm.dll+0x64135a]
V  [jvm.dll+0x7d39f9]
V  [jvm.dll+0x7d51b9]
V  [jvm.dll+0x7d58a3]
V  [jvm.dll+0x2691c5]
V  [jvm.dll+0x63e4e9]
V  [jvm.dll+0x632985]
V  [jvm.dll+0x3231ac]
V  [jvm.dll+0x323032]
V  [jvm.dll+0x327c06]
V  [jvm.dll+0x36ffa2]
V  [jvm.dll+0x36fa01]
V  [jvm.dll+0x2fea28]
V  [jvm.dll+0x2ffb25]
V  [jvm.dll+0x7accd7]
V  [jvm.dll+0x7ae49f]
V  [jvm.dll+0x37d299]
V  [jvm.dll+0x78ef9f]
V  [jvm.dll+0x3ec847]
V  [jvm.dll+0x3eed31]
C  [jli.dll+0x52cb]
C  [ucrtbase.dll+0x21bb2]
C  [KERNEL32.DLL+0x17614]
C  [ntdll.dll+0x526a1]


---------------  P R O C E S S  ---------------

Threads class SMR info:
_java_thread_list=0x000001afd69a0960, length=0, elements={
}

Java Threads: ( => current thread )

Other Threads:
  0x000001afd6ba8000 GCTaskThread "GC Thread#0" [stack: 0x0000000413100000,0x0000000413200000] [id=14928]
  0x000001afd6bda000 ConcurrentGCThread "G1 Main Marker" [stack: 0x0000000413200000,0x0000000413300000] [id=12500]
  0x000001afd6bdc000 ConcurrentGCThread "G1 Conc#0" [stack: 0x0000000413300000,0x0000000413400000] [id=9608]

[error occurred during error reporting (printing all threads), id 0xc0000005, EXCEPTION_ACCESS_VIOLATION (0xc0000005) at pc=0x00007ff9ae92f3e7]

VM state:not at safepoint (not fully initialized)

VM Mutex/Monitor currently owned by a thread:  ([mutex/lock_event])
[0x000001afd6b8dc30] Heap_lock - owner thread: 0x000001afd6b90800

Heap address: 0x0000000081c00000, size: 2020 MB, Compressed Oops mode: Non-zero based: 0x0000000081c00000
Narrow klass base: 0x0000000000000000, Narrow klass shift: 0

GC Heap History (0 events):
No events

Deoptimization events (0 events):
No events

Classes redefined (0 events):
No events

Internal exceptions (0 events):
No events

Events (1 events):
Event: 0.017 Loaded shared library C:\Program Files\Android\Android Studio\jre\bin\zip.dll


Dynamic libraries:
0x00007ff7d11e0000 - 0x00007ff7d11ea000 	C:\Program Files\Android\Android Studio\jre\bin\java.EXE
0x00007ff9eb890000 - 0x00007ff9eba88000 	C:\WINDOWS\SYSTEM32\ntdll.dll
0x00007ff9e9a20000 - 0x00007ff9e9adf000 	C:\WINDOWS\System32\KERNEL32.DLL
0x00007ff9e9300000 - 0x00007ff9e95d2000 	C:\WINDOWS\System32\KERNELBASE.dll
0x00007ff9e9130000 - 0x00007ff9e9230000 	C:\WINDOWS\System32\ucrtbase.dll
0x00007ff9e05e0000 - 0x00007ff9e05f7000 	C:\Program Files\Android\Android Studio\jre\bin\jli.dll
0x00007ff9df2f0000 - 0x00007ff9df30b000 	C:\Program Files\Android\Android Studio\jre\bin\VCRUNTIME140.dll
0x00007ff9e9da0000 - 0x00007ff9e9f41000 	C:\WINDOWS\System32\USER32.dll
0x00007ff9e92d0000 - 0x00007ff9e92f2000 	C:\WINDOWS\System32\win32u.dll
0x00007ff9cd3f0000 - 0x00007ff9cd68a000 	C:\WINDOWS\WinSxS\amd64_microsoft.windows.common-controls_6595b64144ccf1df_6.0.19041.1110_none_60b5254171f9507e\COMCTL32.dll
0x00007ff9ea090000 - 0x00007ff9ea12e000 	C:\WINDOWS\System32\msvcrt.dll
0x00007ff9e9f80000 - 0x00007ff9e9fab000 	C:\WINDOWS\System32\GDI32.dll
0x00007ff9e9740000 - 0x00007ff9e984f000 	C:\WINDOWS\System32\gdi32full.dll
0x00007ff9e9230000 - 0x00007ff9e92cd000 	C:\WINDOWS\System32\msvcp_win.dll
0x00007ff9e9f50000 - 0x00007ff9e9f80000 	C:\WINDOWS\System32\IMM32.DLL
0x00007ff9e05d0000 - 0x00007ff9e05dc000 	C:\Program Files\Android\Android Studio\jre\bin\vcruntime140_1.dll
0x00007ff9c55f0000 - 0x00007ff9c567d000 	C:\Program Files\Android\Android Studio\jre\bin\msvcp140.dll
0x00007ff9ae620000 - 0x00007ff9af1dc000 	C:\Program Files\Android\Android Studio\jre\bin\server\jvm.dll
0x00007ff9eaf20000 - 0x00007ff9eafce000 	C:\WINDOWS\System32\ADVAPI32.dll
0x00007ff9eafd0000 - 0x00007ff9eb06c000 	C:\WINDOWS\System32\sechost.dll
0x00007ff9e9c70000 - 0x00007ff9e9d94000 	C:\WINDOWS\System32\RPCRT4.dll
0x00007ff9ea7c0000 - 0x00007ff9ea7c8000 	C:\WINDOWS\System32\PSAPI.DLL
0x00007ff9e0f20000 - 0x00007ff9e0f29000 	C:\WINDOWS\SYSTEM32\WSOCK32.dll
0x00007ff9e9ae0000 - 0x00007ff9e9b4b000 	C:\WINDOWS\System32\WS2_32.dll
0x00007ff9e07b0000 - 0x00007ff9e07d7000 	C:\WINDOWS\SYSTEM32\WINMM.dll
0x00007ff9dd700000 - 0x00007ff9dd70a000 	C:\WINDOWS\SYSTEM32\VERSION.dll
0x00007ff9e77e0000 - 0x00007ff9e77f2000 	C:\WINDOWS\SYSTEM32\kernel.appcore.dll
0x00007ff9e05b0000 - 0x00007ff9e05c0000 	C:\Program Files\Android\Android Studio\jre\bin\verify.dll
0x00007ff9e75c0000 - 0x00007ff9e77a4000 	C:\WINDOWS\SYSTEM32\DBGHELP.DLL
0x00007ff9d3200000 - 0x00007ff9d3235000 	C:\WINDOWS\SYSTEM32\dbgcore.DLL
0x00007ff9e9850000 - 0x00007ff9e98d2000 	C:\WINDOWS\System32\bcryptPrimitives.dll
0x00007ff9de9f0000 - 0x00007ff9dea18000 	C:\Program Files\Android\Android Studio\jre\bin\java.dll
0x00007ff9dfa90000 - 0x00007ff9dfa9a000 	C:\Program Files\Android\Android Studio\jre\bin\jimage.dll
0x00007ff9de9d0000 - 0x00007ff9de9e8000 	C:\Program Files\Android\Android Studio\jre\bin\zip.dll

dbghelp: loaded successfully - version: 4.0.5 - missing functions: none
symbol engine: initialized successfully - sym options: 0x614 - pdb path: .;C:\Program Files\Android\Android Studio\jre\bin;C:\WINDOWS\SYSTEM32;C:\WINDOWS\WinSxS\amd64_microsoft.windows.common-controls_6595b64144ccf1df_6.0.19041.1110_none_60b5254171f9507e;C:\Program Files\Android\Android Studio\jre\bin\server

VM Arguments:
java_command: <unknown>
java_class_path (initial): <not set>
Launcher Type: SUN_STANDARD

[Global flags]
     intx CICompilerCount                          = 3                                         {product} {ergonomic}
     uint ConcGCThreads                            = 1                                         {product} {ergonomic}
     uint G1ConcRefinementThreads                  = 4                                         {product} {ergonomic}
   size_t G1HeapRegionSize                         = 1048576                                   {product} {ergonomic}
    uintx GCDrainStackTargetSize                   = 64                                        {product} {ergonomic}
   size_t InitialHeapSize                          = 134217728                                 {product} {ergonomic}
   size_t MarkStackSize                            = 4194304                                   {product} {ergonomic}
   size_t MaxHeapSize                              = 2118123520                                {product} {ergonomic}
   size_t MinHeapDeltaBytes                        = 1048576                                   {product} {ergonomic}
    uintx NonNMethodCodeHeapSize                   = 5830732                                {pd product} {ergonomic}
    uintx NonProfiledCodeHeapSize                  = 122913754                              {pd product} {ergonomic}
    uintx ProfiledCodeHeapSize                     = 122913754                              {pd product} {ergonomic}
    uintx ReservedCodeCacheSize                    = 251658240                              {pd product} {ergonomic}
     bool SegmentedCodeCache                       = true                                      {product} {ergonomic}
     bool UseCompressedClassPointers               = true                                 {lp64_product} {ergonomic}
     bool UseCompressedOops                        = true                                 {lp64_product} {ergonomic}
     bool UseG1GC                                  = true                                      {product} {ergonomic}
     bool UseLargePagesIndividualAllocation        = false                                  {pd product} {ergonomic}

Logging:
Log output configuration:
 #0: stdout all=warning uptime,level,tags
 #1: stderr all=off uptime,level,tags

Environment Variables:
PATH=C:\Program Files (x86)\Common Files\Oracle\Java\javapath;C:\WINDOWS\system32;C:\WINDOWS;C:\WINDOWS\System32\Wbem;C:\WINDOWS\System32\WindowsPowerShell\v1.0\;C:\WINDOWS\System32\OpenSSH\;d:\quartus\lab1\quartus\bin;D:\git\Git\cmd;C:\ProgramData\chocolatey\bin;C:\Program Files\nodejs\;C:\Users\hp\AppData\Local\Pub\Cache\bin;C:\Users\hp\AppData\Local\Microsoft\WindowsApps;C:\Users\hp\AppData\Local\Programs\Microsoft VS Code\bin;C:\src\flutter\bin;C:\Users\hp\AppData\Roaming\npm;C:\Users\hp\AppData\Local\Pub\Cache\bin;
USERNAME=hp
OS=Windows_NT
PROCESSOR_IDENTIFIER=Intel64 Family 6 Model 78 Stepping 3, GenuineIntel



---------------  S Y S T E M  ---------------

OS: Windows 10 , 64 bit Build 19041 (10.0.19041.2546)
OS uptime: 6 days 0:24 hours

CPU:total 4 (initial active 4) (2 cores per cpu, 2 threads per core) family 6 model 78 stepping 3 microcode 0xcc, cmov, cx8, fxsr, mmx, sse, sse2, sse3, ssse3, sse4.1, sse4.2, popcnt, avx, avx2, aes, clmul, erms, rtm, 3dnowpref, lzcnt, ht, tsc, tscinvbit, bmi1, bmi2, adx, fma

Memory: 4k page, system-wide physical 8072M (182M free)
TotalPageFile size 16264M (AvailPageFile size 21M)
current process WorkingSet (physical memory assigned to process): 10M, peak: 10M
current process commit charge ("private bytes"): 51M, peak: 179M

vm_info: OpenJDK 64-Bit Server VM (11.0.15+0-b2043.56-9505619) for windows-amd64 JRE (11.0.15+0-b2043.56-9505619), built on Jan 19 2023 02:48:00 by "builduser" with unknown MS VC++:1929

END.
